Inicia proceso: 22-07-2019 15:02:33
22-07-2019 15:02:33: Validaci¢n de par metros recibidos.
Argumentos recibidos
Argumento 0 = 00100001050000000009.xml
Argumento 1 = 1
Argumento 2 = 3
Inicia proceso de env¡o de respuesta: 22-07-2019 15:02:33
Autenticando con servidor remoto: 22-07-2019 15:02:33
Enviando respuesta: 22-07-2019 15:02:33
Generando bit cora: 22-07-2019 15:02:33
Finaliza proceso de env¡o de respuesta: 22-07-2019 15:02:33
Inicia proceso: 22-07-2019 15:48:15
22-07-2019 15:48:15: Validaci¢n de par metros recibidos.
Argumentos recibidos
Argumento 0 = 00100001050000000010.xml
Argumento 1 = 1
Argumento 2 = 3
Inicia proceso de env¡o de respuesta: 22-07-2019 15:48:15
Autenticando con servidor remoto: 22-07-2019 15:48:15
Enviando respuesta: 22-07-2019 15:48:15
Generando bit cora: 22-07-2019 15:48:15
Finaliza proceso de env¡o de respuesta: 22-07-2019 15:48:15
Inicia proceso: 22-07-2019 16:40:16
22-07-2019 16:40:16: Validaci¢n de par metros recibidos.
Argumentos recibidos
Argumento 0 = 00100001050000000011.xml
Argumento 1 = 1
Argumento 2 = 3
Inicia proceso de env¡o de respuesta: 22-07-2019 16:40:16
Autenticando con servidor remoto: 22-07-2019 16:40:16
Enviando respuesta: 22-07-2019 16:40:16
Generando bit cora: 22-07-2019 16:40:16
Finaliza proceso de env¡o de respuesta: 22-07-2019 16:40:16
Inicia proceso: 23-07-2019 10:32:48
23-07-2019 10:32:48: Validaci¢n de par metros recibidos.
Argumentos recibidos
Argumento 0 = 00100001050000000012.xml
Argumento 1 = 1
Argumento 2 = 3
Inicia proceso de env¡o de respuesta: 23-07-2019 10:32:48
Autenticando con servidor remoto: 23-07-2019 10:32:48
Enviando respuesta: 23-07-2019 10:32:48
Generando bit cora: 23-07-2019 10:32:48
Finaliza proceso de env¡o de respuesta: 23-07-2019 10:32:48
Inicia proceso: 23-07-2019 11:25:08
23-07-2019 11:25:08: Validaci¢n de par metros recibidos.
Argumentos recibidos
Argumento 0 = 00100001050000000013.xml
Argumento 1 = 02
Argumento 2 = 3
Inicia proceso de env¡o de respuesta: 23-07-2019 11:25:08
Autenticando con servidor remoto: 23-07-2019 11:25:08
Enviando respuesta: 23-07-2019 11:25:08
Generando bit cora: 23-07-2019 11:25:08
Finaliza proceso de env¡o de respuesta: 23-07-2019 11:25:08
Inicia proceso: 23-07-2019 11:48:21
23-07-2019 11:48:21: Validaci¢n de par metros recibidos.
Argumentos recibidos
Argumento 0 = 00100001050000000014.xml
Argumento 1 = 01
Argumento 2 = 3
Inicia proceso de env¡o de respuesta: 23-07-2019 11:48:21
Autenticando con servidor remoto: 23-07-2019 11:48:21
Enviando respuesta: 23-07-2019 11:48:21
Generando bit cora: 23-07-2019 11:48:21
Finaliza proceso de env¡o de respuesta: 23-07-2019 11:48:21
