Inicia proceso: 22-07-2019 13:00:46
22-07-2019 13:00:46: Validaci¢n de par metros recibidos.
Argumentos recibidos
Argumento 0 = 228172
Argumento 1 = 228172
Argumento 2 = 4
Argumento 3 = N/A
22-07-2019 13:00:46: Validaci¢n de par metros recibidos.
22-07-2019 13:00:46: Consultando referencia 228172
22-07-2019 13:00:46: El estado reportado por Hacienda es: 6 ERROR
Log generado: xmls\logs\228172_HacP.log
22-07-2019 13:00:46: Guardando xml firmado y devuelto por Hacienda.
22-07-2019 13:00:46: Hacienda a£n no ha emitido respuesta firmada.
22-07-2019 13:00:46: Hacienda a£n no ha devuelto el xml firmado.
Finaliza proceso: 22-07-2019 13:00:46
Inicia proceso: 22-07-2019 13:25:03
22-07-2019 13:25:03: Validaci¢n de par metros recibidos.
Argumentos recibidos
Argumento 0 = 228172
Argumento 1 = 228172
Argumento 2 = 4
Argumento 3 = N/A
22-07-2019 13:25:03: Validaci¢n de par metros recibidos.
22-07-2019 13:25:03: Consultando referencia 228172
22-07-2019 13:25:03: El estado reportado por Hacienda es: 6 ERROR
Log generado: xmls\logs\228172_HacP.log
22-07-2019 13:25:03: Guardando xml firmado y devuelto por Hacienda.
22-07-2019 13:25:03: Hacienda a£n no ha emitido respuesta firmada.
22-07-2019 13:25:03: Hacienda a£n no ha devuelto el xml firmado.
Finaliza proceso: 22-07-2019 13:25:03
Inicia proceso: 22-07-2019 15:04:00
22-07-2019 15:04:00: Validaci¢n de par metros recibidos.
Argumentos recibidos
Argumento 0 = 228304
Argumento 1 = 228304
Argumento 2 = 4
Argumento 3 = N/A
22-07-2019 15:04:00: Validaci¢n de par metros recibidos.
22-07-2019 15:04:00: Consultando referencia 228304
22-07-2019 15:04:00: El estado reportado por Hacienda es: 6 ERROR
Log generado: xmls\logs\228304_HacP.log
22-07-2019 15:04:00: Guardando xml firmado y devuelto por Hacienda.
22-07-2019 15:04:00: Hacienda a£n no ha emitido respuesta firmada.
22-07-2019 15:04:00: Hacienda a£n no ha devuelto el xml firmado.
Finaliza proceso: 22-07-2019 15:04:00
Inicia proceso: 22-07-2019 15:04:20
22-07-2019 15:04:20: Validaci¢n de par metros recibidos.
Argumentos recibidos
Argumento 0 = 228189
Argumento 1 = 228189
Argumento 2 = 4
Argumento 3 = N/A
22-07-2019 15:04:20: Validaci¢n de par metros recibidos.
22-07-2019 15:04:20: Consultando referencia 228189
22-07-2019 15:04:20: El estado reportado por Hacienda es: 6 ERROR
Log generado: xmls\logs\228189_HacP.log
22-07-2019 15:04:20: Guardando xml firmado y devuelto por Hacienda.
22-07-2019 15:04:20: Hacienda a£n no ha emitido respuesta firmada.
22-07-2019 15:04:20: Hacienda a£n no ha devuelto el xml firmado.
Finaliza proceso: 22-07-2019 15:04:20
Inicia proceso: 22-07-2019 15:04:24
22-07-2019 15:04:24: Validaci¢n de par metros recibidos.
Argumentos recibidos
Argumento 0 = 228172
Argumento 1 = 228172
Argumento 2 = 4
Argumento 3 = N/A
22-07-2019 15:04:24: Validaci¢n de par metros recibidos.
22-07-2019 15:04:24: Consultando referencia 228172
22-07-2019 15:04:24: El estado reportado por Hacienda es: 6 ERROR
Log generado: xmls\logs\228172_HacP.log
22-07-2019 15:04:24: Guardando xml firmado y devuelto por Hacienda.
22-07-2019 15:04:24: Hacienda a£n no ha emitido respuesta firmada.
22-07-2019 15:04:24: Hacienda a£n no ha devuelto el xml firmado.
Finaliza proceso: 22-07-2019 15:04:24
Inicia proceso: 22-07-2019 15:04:27
22-07-2019 15:04:27: Validaci¢n de par metros recibidos.
Argumentos recibidos
Argumento 0 = 228304
Argumento 1 = 228304
Argumento 2 = 4
Argumento 3 = N/A
22-07-2019 15:04:27: Validaci¢n de par metros recibidos.
22-07-2019 15:04:27: Consultando referencia 228304
22-07-2019 15:04:27: El estado reportado por Hacienda es: 6 ERROR
Log generado: xmls\logs\228304_HacP.log
22-07-2019 15:04:27: Guardando xml firmado y devuelto por Hacienda.
22-07-2019 15:04:27: Hacienda a£n no ha emitido respuesta firmada.
22-07-2019 15:04:27: Hacienda a£n no ha devuelto el xml firmado.
Finaliza proceso: 22-07-2019 15:04:27
Inicia proceso: 22-07-2019 15:43:46
22-07-2019 15:43:46: Validaci¢n de par metros recibidos.
Argumentos recibidos
Argumento 0 = 228172
Argumento 1 = 228172
Argumento 2 = 4
Argumento 3 = N/A
22-07-2019 15:43:46: Validaci¢n de par metros recibidos.
22-07-2019 15:43:46: Consultando referencia 228172
22-07-2019 15:43:46: El estado reportado por Hacienda es: 6 ERROR
Log generado: xmls\logs\228172_HacP.log
22-07-2019 15:43:46: Guardando xml firmado y devuelto por Hacienda.
22-07-2019 15:43:46: Hacienda a£n no ha emitido respuesta firmada.
22-07-2019 15:43:46: Hacienda a£n no ha devuelto el xml firmado.
Finaliza proceso: 22-07-2019 15:43:46
Inicia proceso: 22-07-2019 15:43:50
22-07-2019 15:43:50: Validaci¢n de par metros recibidos.
Argumentos recibidos
Argumento 0 = 228189
Argumento 1 = 228189
Argumento 2 = 4
Argumento 3 = N/A
22-07-2019 15:43:51: Validaci¢n de par metros recibidos.
22-07-2019 15:43:51: Consultando referencia 228189
22-07-2019 15:43:51: El estado reportado por Hacienda es: 6 ERROR
Log generado: xmls\logs\228189_HacP.log
22-07-2019 15:43:51: Guardando xml firmado y devuelto por Hacienda.
22-07-2019 15:43:51: Hacienda a£n no ha emitido respuesta firmada.
22-07-2019 15:43:51: Hacienda a£n no ha devuelto el xml firmado.
Finaliza proceso: 22-07-2019 15:43:51
Inicia proceso: 22-07-2019 15:43:55
22-07-2019 15:43:55: Validaci¢n de par metros recibidos.
Argumentos recibidos
Argumento 0 = 228304
Argumento 1 = 228304
Argumento 2 = 4
Argumento 3 = N/A
22-07-2019 15:43:55: Validaci¢n de par metros recibidos.
22-07-2019 15:43:55: Consultando referencia 228304
22-07-2019 15:43:55: El estado reportado por Hacienda es: 6 ERROR
Log generado: xmls\logs\228304_HacP.log
22-07-2019 15:43:55: Guardando xml firmado y devuelto por Hacienda.
22-07-2019 15:43:55: Hacienda a£n no ha emitido respuesta firmada.
22-07-2019 15:43:55: Hacienda a£n no ha devuelto el xml firmado.
Finaliza proceso: 22-07-2019 15:43:55
Inicia proceso: 22-07-2019 15:44:01
22-07-2019 15:44:01: Validaci¢n de par metros recibidos.
Argumentos recibidos
Argumento 0 = 228189
Argumento 1 = 228189
Argumento 2 = 4
Argumento 3 = N/A
22-07-2019 15:44:01: Validaci¢n de par metros recibidos.
22-07-2019 15:44:01: Consultando referencia 228189
22-07-2019 15:44:01: El estado reportado por Hacienda es: 6 ERROR
Log generado: xmls\logs\228189_HacP.log
22-07-2019 15:44:01: Guardando xml firmado y devuelto por Hacienda.
22-07-2019 15:44:01: Hacienda a£n no ha emitido respuesta firmada.
22-07-2019 15:44:01: Hacienda a£n no ha devuelto el xml firmado.
Finaliza proceso: 22-07-2019 15:44:01
Inicia proceso: 22-07-2019 15:44:04
22-07-2019 15:44:04: Validaci¢n de par metros recibidos.
Argumentos recibidos
Argumento 0 = 228172
Argumento 1 = 228172
Argumento 2 = 4
Argumento 3 = N/A
22-07-2019 15:44:04: Validaci¢n de par metros recibidos.
22-07-2019 15:44:04: Consultando referencia 228172
22-07-2019 15:44:04: El estado reportado por Hacienda es: 6 ERROR
Log generado: xmls\logs\228172_HacP.log
22-07-2019 15:44:04: Guardando xml firmado y devuelto por Hacienda.
22-07-2019 15:44:04: Hacienda a£n no ha emitido respuesta firmada.
22-07-2019 15:44:04: Hacienda a£n no ha devuelto el xml firmado.
Finaliza proceso: 22-07-2019 15:44:04
Inicia proceso: 22-07-2019 15:48:39
22-07-2019 15:48:39: Validaci¢n de par metros recibidos.
Argumentos recibidos
Argumento 0 = 228339
Argumento 1 = 228339
Argumento 2 = 4
Argumento 3 = N/A
22-07-2019 15:48:39: Validaci¢n de par metros recibidos.
22-07-2019 15:48:39: Consultando referencia 228339
22-07-2019 15:48:39: El estado reportado por Hacienda es: 6 ERROR
Log generado: xmls\logs\228339_HacP.log
22-07-2019 15:48:39: Guardando xml firmado y devuelto por Hacienda.
22-07-2019 15:48:39: Hacienda a£n no ha emitido respuesta firmada.
22-07-2019 15:48:39: Hacienda a£n no ha devuelto el xml firmado.
Finaliza proceso: 22-07-2019 15:48:39
Inicia proceso: 22-07-2019 15:48:51
22-07-2019 15:48:51: Validaci¢n de par metros recibidos.
Argumentos recibidos
Argumento 0 = 228189
Argumento 1 = 228189
Argumento 2 = 4
Argumento 3 = N/A
22-07-2019 15:48:51: Validaci¢n de par metros recibidos.
22-07-2019 15:48:51: Consultando referencia 228189
22-07-2019 15:48:51: El estado reportado por Hacienda es: 6 ERROR
Log generado: xmls\logs\228189_HacP.log
22-07-2019 15:48:51: Guardando xml firmado y devuelto por Hacienda.
22-07-2019 15:48:51: Hacienda a£n no ha emitido respuesta firmada.
22-07-2019 15:48:51: Hacienda a£n no ha devuelto el xml firmado.
Finaliza proceso: 22-07-2019 15:48:51
Inicia proceso: 22-07-2019 15:48:55
22-07-2019 15:48:55: Validaci¢n de par metros recibidos.
Argumentos recibidos
Argumento 0 = 228172
Argumento 1 = 228172
Argumento 2 = 4
Argumento 3 = N/A
22-07-2019 15:48:55: Validaci¢n de par metros recibidos.
22-07-2019 15:48:55: Consultando referencia 228172
22-07-2019 15:48:55: El estado reportado por Hacienda es: 6 ERROR
Log generado: xmls\logs\228172_HacP.log
22-07-2019 15:48:55: Guardando xml firmado y devuelto por Hacienda.
22-07-2019 15:48:55: Hacienda a£n no ha emitido respuesta firmada.
22-07-2019 15:48:55: Hacienda a£n no ha devuelto el xml firmado.
Finaliza proceso: 22-07-2019 15:48:55
Inicia proceso: 22-07-2019 15:49:04
22-07-2019 15:49:04: Validaci¢n de par metros recibidos.
Argumentos recibidos
Argumento 0 = 228339
Argumento 1 = 228339
Argumento 2 = 4
Argumento 3 = N/A
22-07-2019 15:49:04: Validaci¢n de par metros recibidos.
22-07-2019 15:49:04: Consultando referencia 228339
22-07-2019 15:49:04: El estado reportado por Hacienda es: 6 ERROR
Log generado: xmls\logs\228339_HacP.log
22-07-2019 15:49:04: Guardando xml firmado y devuelto por Hacienda.
22-07-2019 15:49:04: Hacienda a£n no ha emitido respuesta firmada.
22-07-2019 15:49:04: Hacienda a£n no ha devuelto el xml firmado.
Finaliza proceso: 22-07-2019 15:49:04
Inicia proceso: 22-07-2019 15:51:29
22-07-2019 15:51:29: Validaci¢n de par metros recibidos.
Argumentos recibidos
Argumento 0 = 228304
Argumento 1 = 228304
Argumento 2 = 4
Argumento 3 = N/A
22-07-2019 15:51:29: Validaci¢n de par metros recibidos.
22-07-2019 15:51:29: Consultando referencia 228304
22-07-2019 15:51:29: El estado reportado por Hacienda es: 6 ERROR
Log generado: xmls\logs\228304_HacP.log
22-07-2019 15:51:29: Guardando xml firmado y devuelto por Hacienda.
22-07-2019 15:51:29: Hacienda a£n no ha emitido respuesta firmada.
22-07-2019 15:51:29: Hacienda a£n no ha devuelto el xml firmado.
Finaliza proceso: 22-07-2019 15:51:29
Inicia proceso: 22-07-2019 15:51:32
22-07-2019 15:51:32: Validaci¢n de par metros recibidos.
Argumentos recibidos
Argumento 0 = 228339
Argumento 1 = 228339
Argumento 2 = 4
Argumento 3 = N/A
22-07-2019 15:51:32: Validaci¢n de par metros recibidos.
22-07-2019 15:51:32: Consultando referencia 228339
22-07-2019 15:51:32: El estado reportado por Hacienda es: 6 ERROR
Log generado: xmls\logs\228339_HacP.log
22-07-2019 15:51:32: Guardando xml firmado y devuelto por Hacienda.
22-07-2019 15:51:32: Hacienda a£n no ha emitido respuesta firmada.
22-07-2019 15:51:32: Hacienda a£n no ha devuelto el xml firmado.
Finaliza proceso: 22-07-2019 15:51:32
Inicia proceso: 22-07-2019 16:42:27
22-07-2019 16:42:27: Validaci¢n de par metros recibidos.
Argumentos recibidos
Argumento 0 = 228394
Argumento 1 = 228394
Argumento 2 = 4
Argumento 3 = N/A
22-07-2019 16:42:27: Validaci¢n de par metros recibidos.
22-07-2019 16:42:27: Consultando referencia 228394
22-07-2019 16:42:27: El estado reportado por Hacienda es: 6 ERROR
Log generado: xmls\logs\228394_HacP.log
22-07-2019 16:42:27: Guardando xml firmado y devuelto por Hacienda.
22-07-2019 16:42:27: Hacienda a£n no ha emitido respuesta firmada.
22-07-2019 16:42:27: Hacienda a£n no ha devuelto el xml firmado.
Finaliza proceso: 22-07-2019 16:42:27
Inicia proceso: 23-07-2019 10:31:49
23-07-2019 10:31:49: Validaci¢n de par metros recibidos.
Argumentos recibidos
Argumento 0 = 228394
Argumento 1 = 228394
Argumento 2 = 4
Argumento 3 = N/A
23-07-2019 10:31:49: Validaci¢n de par metros recibidos.
23-07-2019 10:31:49: Consultando referencia 228394
23-07-2019 10:31:49: El estado reportado por Hacienda es: 6 ERROR
Log generado: xmls\logs\228394_HacP.log
23-07-2019 10:31:49: Guardando xml firmado y devuelto por Hacienda.
23-07-2019 10:31:49: Hacienda a£n no ha emitido respuesta firmada.
23-07-2019 10:31:49: Hacienda a£n no ha devuelto el xml firmado.
Finaliza proceso: 23-07-2019 10:31:49
Inicia proceso: 23-07-2019 10:33:15
23-07-2019 10:33:15: Validaci¢n de par metros recibidos.
Argumentos recibidos
Argumento 0 = 228704
Argumento 1 = 228704
Argumento 2 = 4
Argumento 3 = N/A
23-07-2019 10:33:15: Validaci¢n de par metros recibidos.
23-07-2019 10:33:15: Consultando referencia 228704
23-07-2019 10:33:15: El estado reportado por Hacienda es: 6 ERROR
Log generado: xmls\logs\228704_HacP.log
23-07-2019 10:33:15: Guardando xml firmado y devuelto por Hacienda.
23-07-2019 10:33:15: Hacienda a£n no ha emitido respuesta firmada.
23-07-2019 10:33:15: Hacienda a£n no ha devuelto el xml firmado.
Finaliza proceso: 23-07-2019 10:33:15
Inicia proceso: 23-07-2019 11:25:26
23-07-2019 11:25:26: Validaci¢n de par metros recibidos.
Argumentos recibidos
Argumento 0 = 228789
Argumento 1 = 228789
Argumento 2 = 4
Argumento 3 = N/A
23-07-2019 11:25:26: Validaci¢n de par metros recibidos.
23-07-2019 11:25:26: Consultando referencia 228789
23-07-2019 11:25:26: El estado reportado por Hacienda es: 5 RECHAZADO
Log generado: xmls\logs\228789_HacP.log
23-07-2019 11:25:26: Guardando xml firmado y devuelto por Hacienda.
23-07-2019 11:25:26: Hacienda a£n no ha emitido respuesta firmada.
Finaliza proceso: 23-07-2019 11:25:26
Inicia proceso: 23-07-2019 11:48:30
23-07-2019 11:48:30: Validaci¢n de par metros recibidos.
Argumentos recibidos
Argumento 0 = 228789
Argumento 1 = 228789
Argumento 2 = 4
Argumento 3 = N/A
23-07-2019 11:48:31: Validaci¢n de par metros recibidos.
23-07-2019 11:48:31: Consultando referencia 228789
23-07-2019 11:48:31: El estado reportado por Hacienda es: 5 RECHAZADO
Log generado: xmls\logs\228789_HacP.log
23-07-2019 11:48:31: Guardando xml firmado y devuelto por Hacienda.
23-07-2019 11:48:31: Hacienda a£n no ha emitido respuesta firmada.
Finaliza proceso: 23-07-2019 11:48:31
Inicia proceso: 23-07-2019 11:48:52
23-07-2019 11:48:52: Validaci¢n de par metros recibidos.
Argumentos recibidos
Argumento 0 = 228809
Argumento 1 = 228809
Argumento 2 = 4
Argumento 3 = N/A
23-07-2019 11:48:52: Validaci¢n de par metros recibidos.
23-07-2019 11:48:52: Consultando referencia 228809
23-07-2019 11:48:52: El estado reportado por Hacienda es: 4 ACEPTADO
Log generado: xmls\logs\228809_HacP.log
23-07-2019 11:48:52: Guardando xml firmado y devuelto por Hacienda.
Finaliza proceso: 23-07-2019 11:48:52
